        -:    0:Source:C:/Users/araul/CLionProjects/a45-araulo22/main.cpp
        -:    0:Graph:C:\Users\araul\CLionProjects\a45-araulo22\cmake-build-debug-coverage\CMakeFiles\a45_araulo22.dir\main.cpp.gcno
        -:    0:Data:C:\Users\araul\CLionProjects\a45-araulo22\cmake-build-debug-coverage\CMakeFiles\a45_araulo22.dir\main.cpp.gcda
        -:    0:Runs:1
        -:    0:Programs:1
        -:    1://
        -:    2:// Created by araul on 28.03.2021.
        -:    3://
        -:    4:#include <iostream>
        -:    5:#include "UI.h"
        -:    6:#include "Tests.h"
        -:    7:
        -:    8:using namespace std;
        -:    9:
        1:   10:int main()
        -:   11:{
        -:   12:    Tests test;
        1:   13:    test.runAllTests();
        1:   13-block  0
        2:   14:    Repository repo{};
        1:   14-block  0
    $$$$$:   14-block  1
        1:   15:    AdminService adminService{repo};
        1:   15-block  0
        1:   16:    UserService userService{repo};
        1:   16-block  0
    $$$$$:   16-block  1
        1:   17:    UI ui{adminService, userService};
        1:   17-block  0
        1:   18:    ui.runApp();
        1:   18-block  0
        1:   19:    return 0;
        1:   19-block  0
        -:   20:}
